#
# There is insufficient memory for the Java Runtime Environment to continue.
# Native memory allocation (malloc) failed to allocate 32744 bytes for ChunkPool::allocate
# Possible reasons:
#   The system is out of physical RAM or swap space
#   In 32 bit mode, the process size limit was hit
# Possible solutions:
#   Reduce memory load on the system
#   Increase physical memory or swap space
#   Check if swap backing store is full
#   Use 64 bit Java on a 64 bit OS
#   Decrease Java heap size (-Xmx/-Xms)
#   Decrease number of Java threads
#   Decrease Java thread stack sizes (-Xss)
#   Set larger code cache with -XX:ReservedCodeCacheSize=
# This output file may be truncated or incomplete.
#
#  Out of Memory Error (allocation.cpp:273), pid=65512, tid=0x0000000000011920
#
# JRE version: Java(TM) SE Runtime Environment (8.0_181-b13) (build 1.8.0_181-b13)
# Java VM: Java HotSpot(TM) 64-Bit Server VM (25.181-b13 mixed mode windows-amd64 compressed oops)
# Failed to write core dump. Minidumps are not enabled by default on client versions of Windows
#

---------------  T H R E A D  ---------------

Current thread (0x0000000016f73800):  JavaThread "C2 CompilerThread0" daemon [_thread_in_native, id=71968, stack(0x00000000177c0000,0x00000000178c0000)]

Stack: [0x00000000177c0000,0x00000000178c0000]
[error occurred during error reporting (printing stack bounds), id 0xc0000005]

Native frames: (J=compiled Java code, j=interpreted, Vv=VM code, C=native code)


Current CompileTask:
C2:  54240 2036       4       java.net.URLClassLoader$1::run (5 bytes)


---------------  P R O C E S S  ---------------

Java Threads: ( => current thread )
  0x00000000188e5800 JavaThread "Okio Watchdog" daemon [_thread_blocked, id=97460, stack(0x000000001acd0000,0x000000001add0000)]
  0x00000000188e3800 JavaThread "OkHttp ConnectionPool" daemon [_thread_blocked, id=34792, stack(0x000000001abd0000,0x000000001acd0000)]
  0x0000000018159800 JavaThread "Exec Stream Pumper" daemon [_thread_in_native, id=83872, stack(0x000000001a6d0000,0x000000001a7d0000)]
  0x0000000018728800 JavaThread "Exec Stream Pumper" daemon [_thread_in_native, id=38488, stack(0x000000001a5d0000,0x000000001a6d0000)]
  0x00000000171a0800 JavaThread "UrlChecker-2" daemon [_thread_blocked, id=3124, stack(0x000000001a3d0000,0x000000001a4d0000)]
  0x0000000018bcf000 JavaThread "Exec Default Executor" daemon [_thread_in_native, id=73180, stack(0x000000001a2d0000,0x000000001a3d0000)]
  0x0000000017026800 JavaThread "Service Thread" daemon [_thread_blocked, id=98392, stack(0x0000000017bc0000,0x0000000017cc0000)]
  0x0000000016f87000 JavaThread "C1 CompilerThread3" daemon [_thread_blocked, id=102380, stack(0x0000000017ac0000,0x0000000017bc0000)]
  0x0000000016f7a000 JavaThread "C2 CompilerThread2" daemon [_thread_blocked, id=1020, stack(0x00000000179c0000,0x0000000017ac0000)]
  0x0000000016f74000 JavaThread "C2 CompilerThread1" daemon [_thread_blocked, id=19604, stack(0x00000000178c0000,0x00000000179c0000)]
=>0x0000000016f73800 JavaThread "C2 CompilerThread0" daemon [_thread_in_native, id=71968, stack(0x00000000177c0000,0x00000000178c0000)]
  0x0000000016f6a800 JavaThread "Monitor Ctrl-Break" daemon [_thread_in_native, id=57724, stack(0x00000000176c0000,0x00000000177c0000)]
  0x0000000016efd800 JavaThread "Attach Listener" daemon [_thread_blocked, id=90688, stack(0x00000000175c0000,0x00000000176c0000)]
  0x0000000016efc000 JavaThread "Signal Dispatcher" daemon [_thread_blocked, id=90660, stack(0x00000000174c0000,0x00000000175c0000)]
  0x0000000016ef0800 JavaThread "Finalizer" daemon [_thread_blocked, id=50840, stack(0x00000000172d0000,0x00000000173d0000)]
  0x00000000025dd800 JavaThread "Reference Handler" daemon [_thread_blocked, id=99604, stack(0x0000000016dd0000,0x0000000016ed0000)]
  0x00000000024e6800 JavaThread "Forwarding clickElement on session 72e131c1a7fbfc39c9671f8b1396beb9 to remote" [_thread_in_native, id=72460, stack(0x00000000021c0000,0x00000000022c0000)]

Other Threads:
  0x0000000014ff9000 VMThread [stack: 0x0000000016cd0000,0x0000000016dd0000] [id=17852]
  0x0000000017035000 WatcherThread [stack: 0x0000000017cc0000,0x0000000017dc0000] [id=94100]

VM state:not at safepoint (normal execution)

VM Mutex/Monitor currently owned by a thread: None

Heap:
 PSYoungGen      total 27648K, used 4203K [0x00000000eb400000, 0x00000000ed780000, 0x0000000100000000)
  eden space 20480K, 11% used [0x00000000eb400000,0x00000000eb6557e0,0x00000000ec800000)
  from space 7168K, 25% used [0x00000000ec800000,0x00000000ec9c56c0,0x00000000ecf00000)
  to   space 7168K, 0% used [0x00000000ed080000,0x00000000ed080000,0x00000000ed780000)
 ParOldGen       total 30720K, used 7909K [0x00000000c1c00000, 0x00000000c3a00000, 0x00000000eb400000)
  object space 30720K, 25% used [0x00000000c1c00000,0x00000000c23b9598,0x00000000c3a00000)
 Metaspace       used 23906K, capacity 24720K, committed 24960K, reserved 1071104K
  class space    used 3212K, capacity 3394K, committed 3456K, reserved 1048576K

Card table byte_map: [0x00000000119a0000,0x0000000011ba0000] byte_map_base: 0x0000000011392000

Marking Bits: (ParMarkBitMap*) 0x0000000054622d00
 Begin Bits: [0x00000000124f0000, 0x0000000013480000)
 End Bits:   [0x0000000013480000, 0x0000000014410000)

Polling page: 0x00000000005e0000

CodeCache: size=245760Kb used=6847Kb max_used=6847Kb free=238912Kb
 bounds [0x00000000025e0000, 0x0000000002ca0000, 0x00000000115e0000]
 total_blobs=2424 nmethods=1960 adapters=376
 compilation: enabled

Compilation events (10 events):
Event: 53.859 Thread 0x0000000016f87000 2119       3       java.util.stream.Sink$ChainedReference::<init> (16 bytes)
Event: 53.859 Thread 0x0000000016f87000 nmethod 2119 0x0000000002c92050 code [0x0000000002c921c0, 0x0000000002c924e8]
Event: 53.859 Thread 0x0000000016f87000 2120       3       java.util.stream.Sink$ChainedReference::end (10 bytes)
Event: 53.859 Thread 0x0000000016f87000 nmethod 2120 0x0000000002c91c10 code [0x0000000002c91d80, 0x0000000002c91fa8]
Event: 53.859 Thread 0x0000000016f87000 2122       3       java.util.regex.Matcher::find (35 bytes)
Event: 53.860 Thread 0x0000000016f87000 nmethod 2122 0x0000000002c94990 code [0x0000000002c94b40, 0x0000000002c950d8]
Event: 53.860 Thread 0x0000000016f87000 2121       1       com.google.common.collect.ImmutableMultimap::asMap (5 bytes)
Event: 53.860 Thread 0x0000000016f87000 nmethod 2121 0x0000000002c91950 code [0x0000000002c91aa0, 0x0000000002c91bb0]
Event: 53.860 Thread 0x0000000016f87000 2123  s    1       java.lang.StringBuffer::length (5 bytes)
Event: 53.860 Thread 0x0000000016f87000 nmethod 2123 0x0000000002c95290 code [0x0000000002c953e0, 0x0000000002c95650]

GC Heap History (10 events):
Event: 12.034 GC heap before
{Heap before GC invocations=8 (full 0):
 PSYoungGen      total 20480K, used 20477K [0x00000000eb400000, 0x00000000edf00000, 0x0000000100000000)
  eden space 15360K, 100% used [0x00000000eb400000,0x00000000ec300000,0x00000000ec300000)
  from space 5120K, 99% used [0x00000000ec300000,0x00000000ec7ff4c8,0x00000000ec800000)
  to   space 6656K, 0% used [0x00000000ed880000,0x00000000ed880000,0x00000000edf00000)
 ParOldGen       total 44032K, used 5424K [0x00000000c1c00000, 0x00000000c4700000, 0x00000000eb400000)
  object space 44032K, 12% used [0x00000000c1c00000,0x00000000c214c218,0x00000000c4700000)
 Metaspace       used 18946K, capacity 19300K, committed 19584K, reserved 1067008K
  class space    used 2479K, capacity 2584K, committed 2688K, reserved 1048576K
Event: 12.040 GC heap after
Heap after GC invocations=8 (full 0):
 PSYoungGen      total 20992K, used 5502K [0x00000000eb400000, 0x00000000ede00000, 0x0000000100000000)
  eden space 15360K, 0% used [0x00000000eb400000,0x00000000eb400000,0x00000000ec300000)
  from space 5632K, 97% used [0x00000000ed880000,0x00000000edddf9f0,0x00000000ede00000)
  to   space 7168K, 0% used [0x00000000ed000000,0x00000000ed000000,0x00000000ed700000)
 ParOldGen       total 44032K, used 6092K [0x00000000c1c00000, 0x00000000c4700000, 0x00000000eb400000)
  object space 44032K, 13% used [0x00000000c1c00000,0x00000000c21f30f8,0x00000000c4700000)
 Metaspace       used 18946K, capacity 19300K, committed 19584K, reserved 1067008K
  class space    used 2479K, capacity 2584K, committed 2688K, reserved 1048576K
}
Event: 13.038 GC heap before
{Heap before GC invocations=9 (full 0):
 PSYoungGen      total 20992K, used 15055K [0x00000000eb400000, 0x00000000ede00000, 0x0000000100000000)
  eden space 15360K, 62% used [0x00000000eb400000,0x00000000ebd54230,0x00000000ec300000)
  from space 5632K, 97% used [0x00000000ed880000,0x00000000edddf9f0,0x00000000ede00000)
  to   space 7168K, 0% used [0x00000000ed000000,0x00000000ed000000,0x00000000ed700000)
 ParOldGen       total 44032K, used 6092K [0x00000000c1c00000, 0x00000000c4700000, 0x00000000eb400000)
  object space 44032K, 13% used [0x00000000c1c00000,0x00000000c21f30f8,0x00000000c4700000)
 Metaspace       used 20598K, capacity 21200K, committed 21296K, reserved 1067008K
  class space    used 2742K, capacity 2898K, committed 2944K, reserved 1048576K
Event: 13.043 GC heap after
Heap after GC invocations=9 (full 0):
 PSYoungGen      total 18944K, used 3317K [0x00000000eb400000, 0x00000000ed900000, 0x0000000100000000)
  eden space 15360K, 0% used [0x00000000eb400000,0x00000000eb400000,0x00000000ec300000)
  from space 3584K, 92% used [0x00000000ed000000,0x00000000ed33d7e0,0x00000000ed380000)
  to   space 5632K, 0% used [0x00000000ed380000,0x00000000ed380000,0x00000000ed900000)
 ParOldGen       total 44032K, used 8015K [0x00000000c1c00000, 0x00000000c4700000, 0x00000000eb400000)
  object space 44032K, 18% used [0x00000000c1c00000,0x00000000c23d3d08,0x00000000c4700000)
 Metaspace       used 20598K, capacity 21200K, committed 21296K, reserved 1067008K
  class space    used 2742K, capacity 2898K, committed 2944K, reserved 1048576K
}
Event: 13.043 GC heap before
{Heap before GC invocations=10 (full 1):
 PSYoungGen      total 18944K, used 3317K [0x00000000eb400000, 0x00000000ed900000, 0x0000000100000000)
  eden space 15360K, 0% used [0x00000000eb400000,0x00000000eb400000,0x00000000ec300000)
  from space 3584K, 92% used [0x00000000ed000000,0x00000000ed33d7e0,0x00000000ed380000)
  to   space 5632K, 0% used [0x00000000ed380000,0x00000000ed380000,0x00000000ed900000)
 ParOldGen       total 44032K, used 8015K [0x00000000c1c00000, 0x00000000c4700000, 0x00000000eb400000)
  object space 44032K, 18% used [0x00000000c1c00000,0x00000000c23d3d08,0x00000000c4700000)
 Metaspace       used 20598K, capacity 21200K, committed 21296K, reserved 1067008K
  class space    used 2742K, capacity 2898K, committed 2944K, reserved 1048576K
Event: 13.080 GC heap after
Heap after GC invocations=10 (full 1):
 PSYoungGen      total 18944K, used 0K [0x00000000eb400000, 0x00000000ed900000, 0x0000000100000000)
  eden space 15360K, 0% used [0x00000000eb400000,0x00000000eb400000,0x00000000ec300000)
  from space 3584K, 0% used [0x00000000ed000000,0x00000000ed000000,0x00000000ed380000)
  to   space 5632K, 0% used [0x00000000ed380000,0x00000000ed380000,0x00000000ed900000)
 ParOldGen       total 30720K, used 7449K [0x00000000c1c00000, 0x00000000c3a00000, 0x00000000eb400000)
  object space 30720K, 24% used [0x00000000c1c00000,0x00000000c2346538,0x00000000c3a00000)
 Metaspace       used 20598K, capacity 21200K, committed 21296K, reserved 1067008K
  class space    used 2742K, capacity 2898K, committed 2944K, reserved 1048576K
}
Event: 52.842 GC heap before
{Heap before GC invocations=11 (full 1):
 PSYoungGen      total 18944K, used 15360K [0x00000000eb400000, 0x00000000ed900000, 0x0000000100000000)
  eden space 15360K, 100% used [0x00000000eb400000,0x00000000ec300000,0x00000000ec300000)
  from space 3584K, 0% used [0x00000000ed000000,0x00000000ed000000,0x00000000ed380000)
  to   space 5632K, 0% used [0x00000000ed380000,0x00000000ed380000,0x00000000ed900000)
 ParOldGen       total 30720K, used 7449K [0x00000000c1c00000, 0x00000000c3a00000, 0x00000000eb400000)
  object space 30720K, 24% used [0x00000000c1c00000,0x00000000c2346538,0x00000000c3a00000)
 Metaspace       used 22515K, capacity 23288K, committed 23552K, reserved 1069056K
  class space    used 3014K, capacity 3226K, committed 3328K, reserved 1048576K
Event: 52.871 GC heap after
Heap after GC invocations=11 (full 1):
 PSYoungGen      total 17920K, used 2058K [0x00000000eb400000, 0x00000000ed600000, 0x0000000100000000)
  eden space 15360K, 0% used [0x00000000eb400000,0x00000000eb400000,0x00000000ec300000)
  from space 2560K, 80% used [0x00000000ed380000,0x00000000ed582b78,0x00000000ed600000)
  to   space 7168K, 0% used [0x00000000ec800000,0x00000000ec800000,0x00000000ecf00000)
 ParOldGen       total 30720K, used 7457K [0x00000000c1c00000, 0x00000000c3a00000, 0x00000000eb400000)
  object space 30720K, 24% used [0x00000000c1c00000,0x00000000c2348538,0x00000000c3a00000)
 Metaspace       used 22515K, capacity 23288K, committed 23552K, reserved 1069056K
  class space    used 3014K, capacity 3226K, committed 3328K, reserved 1048576K
}
Event: 53.377 GC heap before
{Heap before GC invocations=12 (full 1):
 PSYoungGen      total 17920K, used 17418K [0x00000000eb400000, 0x00000000ed600000, 0x0000000100000000)
  eden space 15360K, 100% used [0x00000000eb400000,0x00000000ec300000,0x00000000ec300000)
  from space 2560K, 80% used [0x00000000ed380000,0x00000000ed582b78,0x00000000ed600000)
  to   space 7168K, 0% used [0x00000000ec800000,0x00000000ec800000,0x00000000ecf00000)
 ParOldGen       total 30720K, used 7457K [0x00000000c1c00000, 0x00000000c3a00000, 0x00000000eb400000)
  object space 30720K, 24% used [0x00000000c1c00000,0x00000000c2348538,0x00000000c3a00000)
 Metaspace       used 23751K, capacity 24514K, committed 24704K, reserved 1071104K
  class space    used 3188K, capacity 3393K, committed 3456K, reserved 1048576K
Event: 53.383 GC heap after
Heap after GC invocations=12 (full 1):
 PSYoungGen      total 27648K, used 1813K [0x00000000eb400000, 0x00000000ed780000, 0x0000000100000000)
  eden space 20480K, 0% used [0x00000000eb400000,0x00000000eb400000,0x00000000ec800000)
  from space 7168K, 25% used [0x00000000ec800000,0x00000000ec9c56c0,0x00000000ecf00000)
  to   space 7168K, 0% used [0x00000000ed080000,0x00000000ed080000,0x00000000ed780000)
 ParOldGen       total 30720K, used 7909K [0x00000000c1c00000, 0x00000000c3a00000, 0x00000000eb400000)
  object space 30720K, 25% used [0x00000000c1c00000,0x00000000c23b9598,0x00000000c3a00000)
 Metaspace       used 23751K, capacity 24514K, committed 24704K, reserved 1071104K
  class space    used 3188K, capacity 3393K, committed 3456K, reserved 1048576K
}

Deoptimization events (10 events):
Event: 10.555 Thread 0x00000000024e6800 Uncommon trap: reason=unstable_if action=reinterpret pc=0x0000000002af504c method=java.util.Arrays.equals([B[B)Z @ 12
Event: 10.837 Thread 0x00000000024e6800 Uncommon trap: reason=unstable_if action=reinterpret pc=0x0000000002b38004 method=java.util.concurrent.ConcurrentHashMap.putVal(Ljava/lang/Object;Ljava/lang/Object;Z)Ljava/lang/Object; @ 181
Event: 11.905 Thread 0x00000000024e6800 Uncommon trap: reason=bimorphic action=maybe_recompile pc=0x00000000028f6ed8 method=java.net.URL.<init>(Ljava/net/URL;Ljava/lang/String;Ljava/net/URLStreamHandler;)V @ 504
Event: 12.031 Thread 0x00000000024e6800 Uncommon trap: reason=unstable_if action=reinterpret pc=0x00000000027868b0 method=java.lang.String.replace(CC)Ljava/lang/String; @ 2
Event: 12.033 Thread 0x00000000024e6800 Uncommon trap: reason=bimorphic action=maybe_recompile pc=0x00000000028f6ed8 method=java.net.URL.<init>(Ljava/net/URL;Ljava/lang/String;Ljava/net/URLStreamHandler;)V @ 504
Event: 12.056 Thread 0x00000000171a0800 Uncommon trap: reason=unstable_if action=reinterpret pc=0x0000000002b62308 method=java.lang.ThreadLocal.get()Ljava/lang/Object; @ 11
Event: 13.085 Thread 0x00000000024e6800 Uncommon trap: reason=bimorphic action=maybe_recompile pc=0x0000000002ad6f5c method=java.util.regex.Pattern$Curly.match(Ljava/util/regex/Matcher;ILjava/lang/CharSequence;)Z @ 19
Event: 13.085 Thread 0x00000000024e6800 Uncommon trap: reason=bimorphic action=maybe_recompile pc=0x0000000002ad6f5c method=java.util.regex.Pattern$Curly.match(Ljava/util/regex/Matcher;ILjava/lang/CharSequence;)Z @ 19
Event: 13.094 Thread 0x00000000024e6800 Uncommon trap: reason=bimorphic action=maybe_recompile pc=0x0000000002ad6f5c method=java.util.regex.Pattern$Curly.match(Ljava/util/regex/Matcher;ILjava/lang/CharSequence;)Z @ 19
Event: 13.095 Thread 0x00000000024e6800 Uncommon trap: reason=bimorphic action=maybe_recompile pc=0x0000000002ad6f5c method=java.util.regex.Pattern$Curly.match(Ljava/util/regex/Matcher;ILjava/lang/CharSequence;)Z @ 19

Classes redefined (0 events):
No events

Internal exceptions (10 events):
Event: 16.711 Thread 0x00000000024e6800 Exception <a 'java/net/SocketTimeoutException': Read timed out> (0x00000000ebe26660) thrown at [C:\re\workspace\8-2-build-windows-amd64-cygwin\jdk8u181\11358\hotspot\src\share\vm\prims\jni.cpp, line 735]
Event: 16.868 Thread 0x00000000024e6800 Exception <a 'java/net/SocketTimeoutException': Read timed out> (0x00000000ebe400d8) thrown at [C:\re\workspace\8-2-build-windows-amd64-cygwin\jdk8u181\11358\hotspot\src\share\vm\prims\jni.cpp, line 735]
Event: 51.430 Thread 0x00000000024e6800 Exception <a 'java/net/SocketTimeoutException': Read timed out> (0x00000000ebe64510) thrown at [C:\re\workspace\8-2-build-windows-amd64-cygwin\jdk8u181\11358\hotspot\src\share\vm\prims\jni.cpp, line 735]
Event: 52.579 Thread 0x00000000024e6800 Exception <a 'java/net/SocketTimeoutException': Read timed out> (0x00000000ebea44a0) thrown at [C:\re\workspace\8-2-build-windows-amd64-cygwin\jdk8u181\11358\hotspot\src\share\vm\prims\jni.cpp, line 735]
Event: 53.435 Thread 0x00000000024e6800 Exception <a 'java/net/SocketTimeoutException': Read timed out> (0x00000000eb5b1dc0) thrown at [C:\re\workspace\8-2-build-windows-amd64-cygwin\jdk8u181\11358\hotspot\src\share\vm\prims\jni.cpp, line 735]
Event: 53.491 Thread 0x00000000024e6800 Exception <a 'java/net/SocketTimeoutException': Read timed out> (0x00000000eb5cafd8) thrown at [C:\re\workspace\8-2-build-windows-amd64-cygwin\jdk8u181\11358\hotspot\src\share\vm\prims\jni.cpp, line 735]
Event: 53.691 Thread 0x00000000024e6800 Exception <a 'java/net/SocketTimeoutException': Read timed out> (0x00000000eb5dc5f0) thrown at [C:\re\workspace\8-2-build-windows-amd64-cygwin\jdk8u181\11358\hotspot\src\share\vm\prims\jni.cpp, line 735]
Event: 53.729 Thread 0x00000000024e6800 Exception <a 'java/net/SocketTimeoutException': Read timed out> (0x00000000eb5f37e0) thrown at [C:\re\workspace\8-2-build-windows-amd64-cygwin\jdk8u181\11358\hotspot\src\share\vm\prims\jni.cpp, line 735]
Event: 53.831 Thread 0x00000000024e6800 Exception <a 'java/net/SocketTimeoutException': Read timed out> (0x00000000eb61a000) thrown at [C:\re\workspace\8-2-build-windows-amd64-cygwin\jdk8u181\11358\hotspot\src\share\vm\prims\jni.cpp, line 735]
Event: 53.862 Thread 0x00000000024e6800 Exception <a 'java/net/SocketTimeoutException': Read timed out> (0x00000000eb62d0c8) thrown at [C:\re\workspace\8-2-build-windows-amd64-cygwin\jdk8u181\11358\hotspot\src\share\vm\prims\jni.cpp, line 735]

Events (10 events):
Event: 53.429 loading class org/openqa/selenium/OutputType$1
Event: 53.429 loading class org/openqa/selenium/OutputType$1 done
Event: 53.430 loading class org/openqa/selenium/OutputType$2
Event: 53.430 loading class org/openqa/selenium/OutputType$2 done
Event: 53.431 loading class org/openqa/selenium/OutputType$3
Event: 53.431 loading class org/openqa/selenium/OutputType$3 done
Event: 53.487 loading class org/openqa/selenium/json/JsonOutput
Event: 53.487 loading class org/openqa/selenium/json/JsonOutput done
Event: 53.825 loading class com/aventstack/extentreports/gherkin/model/And
Event: 53.825 loading class com/aventstack/extentreports/gherkin/model/And done


Dynamic libraries:
0x00007ff7ce4e0000 - 0x00007ff7ce517000 	C:\Program Files\Java\jdk1.8.0_181\bin\java.exe
0x00007ff8edfb0000 - 0x00007ff8ee191000 	C:\WINDOWS\SYSTEM32\ntdll.dll
0x00007ff8b5280000 - 0x00007ff8b5294000 	C:\Program Files\AVAST Software\Avast\x64\aswhooka.dll
0x00007ff8ed9c0000 - 0x00007ff8eda72000 	C:\WINDOWS\System32\KERNEL32.DLL
0x00007ff8ea420000 - 0x00007ff8ea693000 	C:\WINDOWS\System32\KERNELBASE.dll
0x00007ff8ed840000 - 0x00007ff8ed8e1000 	C:\WINDOWS\System32\ADVAPI32.dll
0x00007ff8ecf80000 - 0x00007ff8ed01e000 	C:\WINDOWS\System32\msvcrt.dll
0x00007ff8eb5e0000 - 0x00007ff8eb63b000 	C:\WINDOWS\System32\sechost.dll
0x00007ff8eb7f0000 - 0x00007ff8eb914000 	C:\WINDOWS\System32\RPCRT4.dll
0x00007ff8eb440000 - 0x00007ff8eb5d0000 	C:\WINDOWS\System32\USER32.dll
0x00007ff8ea400000 - 0x00007ff8ea420000 	C:\WINDOWS\System32\win32u.dll
0x00007ff8eb920000 - 0x00007ff8eb948000 	C:\WINDOWS\System32\GDI32.dll
0x00007ff8ea6a0000 - 0x00007ff8ea832000 	C:\WINDOWS\System32\gdi32full.dll
0x00007ff8eab30000 - 0x00007ff8eabcf000 	C:\WINDOWS\System32\msvcp_win.dll
0x00007ff8eabd0000 - 0x00007ff8eacca000 	C:\WINDOWS\System32\ucrtbase.dll
0x00007ff8e3550000 - 0x00007ff8e37b9000 	C:\WINDOWS\WinSxS\amd64_microsoft.windows.common-controls_6595b64144ccf1df_6.0.17134.345_none_fb429a5930656358\COMCTL32.dll
0x00007ff8edb60000 - 0x00007ff8ede83000 	C:\WINDOWS\System32\combase.dll
0x00007ff8ea380000 - 0x00007ff8ea3fa000 	C:\WINDOWS\System32\bcryptPrimitives.dll
0x00007ff8ed020000 - 0x00007ff8ed04d000 	C:\WINDOWS\System32\IMM32.DLL
0x0000000056040000 - 0x0000000056112000 	C:\Program Files\Java\jdk1.8.0_181\jre\bin\msvcr100.dll
0x0000000053e00000 - 0x00000000546a2000 	C:\Program Files\Java\jdk1.8.0_181\jre\bin\server\jvm.dll
0x00007ff8eb950000 - 0x00007ff8eb958000 	C:\WINDOWS\System32\PSAPI.DLL
0x00007ff8db3b0000 - 0x00007ff8db3b9000 	C:\WINDOWS\SYSTEM32\WSOCK32.dll
0x00007ff8ed770000 - 0x00007ff8ed7dc000 	C:\WINDOWS\System32\WS2_32.dll
0x00007ff8e0610000 - 0x00007ff8e0633000 	C:\WINDOWS\SYSTEM32\WINMM.dll
0x00007ff8db080000 - 0x00007ff8db08a000 	C:\WINDOWS\SYSTEM32\VERSION.dll
0x00007ff8e0300000 - 0x00007ff8e032a000 	C:\WINDOWS\SYSTEM32\WINMMBASE.dll
0x00007ff8eaae0000 - 0x00007ff8eab29000 	C:\WINDOWS\System32\cfgmgr32.dll
0x00000000574e0000 - 0x00000000574ef000 	C:\Program Files\Java\jdk1.8.0_181\jre\bin\verify.dll
0x00000000574b0000 - 0x00000000574d9000 	C:\Program Files\Java\jdk1.8.0_181\jre\bin\java.dll
0x0000000057480000 - 0x00000000574a3000 	C:\Program Files\Java\jdk1.8.0_181\jre\bin\instrument.dll
0x0000000057460000 - 0x0000000057476000 	C:\Program Files\Java\jdk1.8.0_181\jre\bin\zip.dll
0x00007ff8ebb40000 - 0x00007ff8ecf7f000 	C:\WINDOWS\System32\SHELL32.dll
0x00007ff8ed1d0000 - 0x00007ff8ed279000 	C:\WINDOWS\System32\shcore.dll
0x00007ff8eacd0000 - 0x00007ff8eb3dd000 	C:\WINDOWS\System32\windows.storage.dll
0x00007ff8eb980000 - 0x00007ff8eb9d1000 	C:\WINDOWS\System32\shlwapi.dll
0x00007ff8ea310000 - 0x00007ff8ea321000 	C:\WINDOWS\System32\kernel.appcore.dll
0x00007ff8ea2f0000 - 0x00007ff8ea30f000 	C:\WINDOWS\System32\profapi.dll
0x00007ff8ea330000 - 0x00007ff8ea37c000 	C:\WINDOWS\System32\powrprof.dll
0x00007ff8ea2c0000 - 0x00007ff8ea2ca000 	C:\WINDOWS\System32\FLTLIB.DLL
0x00007ff8d3290000 - 0x00007ff8d32aa000 	C:\Program Files\JetBrains\IntelliJ IDEA Community Edition 2018.2.1\bin\breakgen64.dll
0x0000000056020000 - 0x000000005603a000 	C:\Program Files\Java\jdk1.8.0_181\jre\bin\net.dll
0x00007ff8e9b40000 - 0x00007ff8e9ba6000 	C:\WINDOWS\system32\mswsock.dll
0x00007ff8e9cf0000 - 0x00007ff8e9d07000 	C:\WINDOWS\SYSTEM32\CRYPTSP.dll
0x00007ff8e9720000 - 0x00007ff8e9753000 	C:\WINDOWS\system32\rsaenh.dll
0x00007ff8e9e20000 - 0x00007ff8e9e45000 	C:\WINDOWS\SYSTEM32\bcrypt.dll
0x00007ff8ea1c0000 - 0x00007ff8ea1e8000 	C:\WINDOWS\SYSTEM32\USERENV.dll
0x00007ff8e9d10000 - 0x00007ff8e9d1b000 	C:\WINDOWS\SYSTEM32\CRYPTBASE.dll
0x00007ff8e98c0000 - 0x00007ff8e98f8000 	C:\WINDOWS\SYSTEM32\IPHLPAPI.DLL
0x00007ff8eb7e0000 - 0x00007ff8eb7e8000 	C:\WINDOWS\System32\NSI.dll
0x00007ff8e3c60000 - 0x00007ff8e3c76000 	C:\WINDOWS\SYSTEM32\dhcpcsvc6.DLL
0x00007ff8e3fd0000 - 0x00007ff8e3fea000 	C:\WINDOWS\SYSTEM32\dhcpcsvc.DLL
0x0000000056000000 - 0x0000000056011000 	C:\Program Files\Java\jdk1.8.0_181\jre\bin\nio.dll
0x0000000055910000 - 0x0000000055934000 	C:\Program Files\Java\jdk1.8.0_181\jre\bin\sunec.dll
0x00007ff8e9910000 - 0x00007ff8e99ce000 	C:\WINDOWS\SYSTEM32\DNSAPI.dll
0x00007ff8e2160000 - 0x00007ff8e216a000 	C:\Windows\System32\rasadhlp.dll
0x00007ff8e2220000 - 0x00007ff8e2292000 	C:\WINDOWS\System32\fwpuclnt.dll
0x0000000055900000 - 0x000000005590b000 	C:\Program Files\Java\jdk1.8.0_181\jre\bin\sunmscapi.dll
0x00007ff8ea8f0000 - 0x00007ff8eaad2000 	C:\WINDOWS\System32\CRYPT32.dll
0x00007ff8ea2d0000 - 0x00007ff8ea2e2000 	C:\WINDOWS\System32\MSASN1.dll

VM Arguments:
jvm_args: -ea -Didea.test.cyclic.buffer.size=1048576 -javaagent:C:\Program Files\JetBrains\IntelliJ IDEA Community Edition 2018.2.1\lib\idea_rt.jar=58508:C:\Program Files\JetBrains\IntelliJ IDEA Community Edition 2018.2.1\bin -Dfile.encoding=UTF-8 
java_command: org.testng.RemoteTestNGStarter -usedefaultlisteners false -socket58507 @w@C:\Users\Ravi\AppData\Local\Temp\idea_working_dirs_testng.tmp -temp C:\Users\Ravi\AppData\Local\Temp\idea_testng.tmp
java_class_path (initial): C:\Program Files\JetBrains\IntelliJ IDEA Community Edition 2018.2.1\lib\idea_rt.jar;C:\Program Files\JetBrains\IntelliJ IDEA Community Edition 2018.2.1\plugins\testng\lib\testng-plugin.jar;C:\Program Files\Java\jdk1.8.0_181\jre\lib\charsets.jar;C:\Program Files\Java\jdk1.8.0_181\jre\lib\deploy.jar;C:\Program Files\Java\jdk1.8.0_181\jre\lib\ext\access-bridge-64.jar;C:\Program Files\Java\jdk1.8.0_181\jre\lib\ext\cldrdata.jar;C:\Program Files\Java\jdk1.8.0_181\jre\lib\ext\dnsns.jar;C:\Program Files\Java\jdk1.8.0_181\jre\lib\ext\jaccess.jar;C:\Program Files\Java\jdk1.8.0_181\jre\lib\ext\jfxrt.jar;C:\Program Files\Java\jdk1.8.0_181\jre\lib\ext\localedata.jar;C:\Program Files\Java\jdk1.8.0_181\jre\lib\ext\nashorn.jar;C:\Program Files\Java\jdk1.8.0_181\jre\lib\ext\sunec.jar;C:\Program Files\Java\jdk1.8.0_181\jre\lib\ext\sunjce_provider.jar;C:\Program Files\Java\jdk1.8.0_181\jre\lib\ext\sunmscapi.jar;C:\Program Files\Java\jdk1.8.0_181\jre\lib\ext\sunpkcs11.jar;C:\Program Files\Java\jdk1.8.0_181\jre\lib\ext\zipfs.jar;C:\Program Files\Java\jdk1.8.0_181\jre\lib\javaws.jar;C:\Program Files\Java\jdk1.8.0_181\jre\lib\jce.jar;C:\Program Files\Java\jdk1.8.0_181\jre\lib\jfr.jar;C:\Program Files\Java\jdk1.8.0_181\jre\lib\jfxswt.jar;C:\Program Files\Java\jdk1.8.0_181\jre\lib\jsse.jar;C:\Program Files\Java\jdk1.8.0_181\jre\lib\management-agent.jar;C:\Program Files\Java\jdk1.8.0_181\jre\lib\plugin.jar;C:\Program Files\Java\jdk1.8.0_181\jre\lib\resources.jar;C:\Program Files\Java\jdk1.8.0_181\jre\lib\rt.jar;C:\Users\Ravi\Downloads\socialFresher\target\test-classes;C:\Users\Ravi\Downloads\socialFresher\target\classes;C:\Users\Ravi\.m2\repository\org\seleniumhq\selenium\selenium-java\3.14.0\selenium-java-3.14.0.jar;C:\Users\Ravi\.m2\repository\org\seleniumhq\selenium\selenium-chrome-driver\3.14.0\selenium-chrome-driver-3.14.0.jar;C:\Users\Ravi\.m2\repository\org\seleniumhq\selenium\selenium-edge-driver\3.14.0\selenium-edge-driver-3.14.0.jar;C:\Users\Ravi\.m2\re
Launcher Type: SUN_STANDARD

Environment Variables:
JAVA_HOME=C:\Program Files\Java\jdk1.8.0_181
PATH=C:\Program Files (x86)\Common Files\Oracle\Java\javapath;C:\Program Files (x86)\Intel\iCLS Client\;C:\Program Files\Intel\iCLS Client\;C:\WINDOWS\system32;C:\WINDOWS;C:\WINDOWS\System32\Wbem;C:\WINDOWS\System32\WindowsPowerShell\v1.0\;C:\Program Files (x86)\Intel\Intel(R) Management Engine Components\DAL;C:\Program Files\Intel\Intel(R) Management Engine Components\DAL;C:\Program Files (x86)\Intel\Intel(R) Management Engine Components\IPT;C:\Program Files\Intel\Intel(R) Management Engine Components\IPT;C:\Program Files\Microsoft\Web Platform Installer\;C:\WINDOWS\System32\OpenSSH\;C:\Program Files\Intel\WiFi\bin\;C:\Program Files\Common Files\Intel\WirelessCommon\;C:\Program Files\nodejs\;C:\Program Files\Java\jdk1.8.0_181\bin;C:\Program Files\Git\cmd;C:\Users\Ravi\Downloads\apache-maven-3.5.4\bin;C:\Users\Ravi\AppData\Local\Microsoft\WindowsApps;;C:\Users\Ravi\AppData\Local\Programs\Microsoft VS Code\bin;C:\Users\Ravi\AppData\Roaming\npm
USERNAME=Ravi
OS=Windows_NT
PROCESSOR_IDENTIFIER=Intel64 Family 6 Model 142 Stepping 10, GenuineIntel



---------------  S Y S T E M  ---------------

OS: Windows 10.0 , 64 bit Build 17134 (10.0.17134.1)

CPU:total 8 (initial active 8) (4 cores per cpu, 2 threads per core) family 6 model 142 stepping 10, cmov, cx8, fxsr, mmx, sse, sse2, sse3, ssse3, sse4.1, sse4.2, popcnt, avx, avx2, aes, clmul, erms, 3dnowpref, lzcnt, ht, tsc, tscinvbit, bmi1, bmi2, adx

Memory: 4k page, physical 4077796k(246884k free), swap 16660708k(33700k free)

vm_info: Java HotSpot(TM) 64-Bit Server VM (25.181-b13) for windows-amd64 JRE (1.8.0_181-b13), built on Jul  7 2018 04:01:33 by "java_re" with MS VC++ 10.0 (VS2010)

time: Wed Nov 07 16:44:36 2018
elapsed time: 54 seconds (0d 0h 0m 54s)

